Arguments: 
  C:\Program Files\nodejs\node.exe C:\Program Files (x86)\Yarn\bin\yarn.js run server

PATH: 
  C:\Users\codin\bin;C:\Program Files\Git\mingw64\bin;C:\Program Files\Git\usr\local\bin;C:\Program Files\Git\usr\bin;C:\Program Files\Git\usr\bin;C:\Program Files\Git\mingw64\bin;C:\Program Files\Git\usr\bin;C:\Users\codin\bin;C:\Program Files (x86)\Common Files\Oracle\Java\javapath;C:\WINDOWS\system32;C:\WINDOWS;C:\WINDOWS\System32\Wbem;C:\WINDOWS\System32\WindowsPowerShell\v1.0;C:\WINDOWS\System32\OpenSSH;C:\Program Files\nodejs;C:\Program Files (x86)\Windows Kits\8.1\Windows Performance Toolkit;C:\Program Files (x86)\Yarn\bin;C:\Program Files\PuTTY;C:\Program Files\TortoiseSVN\bin;C:\Program Files\Git\cmd;C:\Program Files\Microsoft VS Code\bin;C:\Users\codin\AppData\Local\Programs\Python\Python37\Scripts;C:\Users\codin\AppData\Local\Programs\Python\Python37;C:\Ruby24-x64\bin;C:\Users\codin\AppData\Local\Microsoft\WindowsApps;C:\Users\codin\AppData\Roaming\npm;C:\Users\codin\AppData\Local\Yarn\bin;C:\Users\codin\AppData\Local\Programs\Microsoft VS Code\bin;C:\Program Files\Git\usr\bin\vendor_perl;C:\Program Files\Git\usr\bin\core_perl

Yarn version: 
  1.7.0

Node version: 
  8.11.2

Platform: 
  win32 x64

Trace: 
  Error: spawn EACCES
      at _errnoException (util.js:992:11)
      at ChildProcess.spawn (internal/child_process.js:323:11)
      at Object.exports.spawn (child_process.js:502:9)
      at C:\Program Files (x86)\Yarn\lib\cli.js:30244:24
      at new Promise (<anonymous>)
      at new F (C:\Program Files (x86)\Yarn\lib\cli.js:23451:28)
      at C:\Program Files (x86)\Yarn\lib\cli.js:30243:12
      at run (C:\Program Files (x86)\Yarn\lib\cli.js:41716:7)
      at BlockingQueue.maybePushConcurrencyQueue (C:\Program Files (x86)\Yarn\lib\cli.js:41731:7)
      at BlockingQueue.shift (C:\Program Files (x86)\Yarn\lib\cli.js:41726:10)

npm manifest: 
  {
    "name": "dist",
    "version": "1.0.0",
    "main": "index.js",
    "license": "MIT",
    "scripts": {
      "server": "live-server ./ --port=8081" 
    }
  }

yarn manifest: 
  No manifest

Lockfile: 
  No lockfile
